<?xml version="1.0" encoding="UTF-8"?>
<!-- Generated by org.testng.reporters.JUnitReportReporter -->
<testsuite skipped="0" hostname="Yvonnes-MBP" name="ToolsQA.OnlineShopping.User" tests="4" failures="0" timestamp="06 Apr 2018 12:47:33 GMT" time="40.885" errors="0">
  <testcase name="lanuchApplication" time="5.086" classname="ToolsQA.OnlineShopping.User"/>
  <testcase name="verifyElements" time="3.414" classname="ToolsQA.OnlineShopping.User"/>
  <testcase name="customerRegistration" time="27.579" classname="ToolsQA.OnlineShopping.User"/>
  <testcase name="login" time="4.806" classname="ToolsQA.OnlineShopping.User"/>
</testsuite> <!-- ToolsQA.OnlineShopping.User -->
